<?xml version="1.0" encoding="UTF-8"?>
<testsuite name="com.example.springbootapp.SpringbootApplicationTests" tests="1" skipped="0" failures="0" errors="0" timestamp="2024-03-21T16:15:33" hostname="ip-172-31-13-99" time="0.895">
  <properties/>
  <testcase name="contextLoads()" classname="com.example.springbootapp.SpringbootApplicationTests" time="0.895"/>
  <system-out><![CDATA[16:15:31.503 [Test worker] INFO org.springframework.test.context.support.AnnotationConfigContextLoaderUtils -- Could not detect default configuration classes for test class [com.example.springbootapp.SpringbootApplicationTests]: SpringbootApplicationTests does not declare any static, non-private, non-final, nested classes annotated with @Configuration.
16:15:31.635 [Test worker] INFO org.springframework.boot.test.context.SpringBootTestContextBootstrapper -- Found @SpringBootConfiguration com.example.springbootapp.SpringbootApplication for test class com.example.springbootapp.SpringbootApplicationTests

  .   ____          _            __ _ _
 /\\ / ___'_ __ _ _(_)_ __  __ _ \ \ \ \
( ( )\___ | '_ | '_| | '_ \/ _` | \ \ \ \
 \\/  ___)| |_)| | | | | || (_| |  ) ) ) )
  '  |____| .__|_| |_|_| |_\__, | / / / /
 =========|_|==============|___/=/_/_/_/
 :: Spring Boot ::                (v3.1.5)

2024-03-21T16:15:32.182Z  INFO 6901 --- [    Test worker] c.e.s.SpringbootApplicationTests         : Starting SpringbootApplicationTests using Java 17.0.10 with PID 6901 (started by ubuntu in /home/ubuntu/spring-boot)
2024-03-21T16:15:32.187Z  INFO 6901 --- [    Test worker] c.e.s.SpringbootApplicationTests         : No active profile set, falling back to 1 default profile: "default"
2024-03-21T16:15:33.584Z  INFO 6901 --- [    Test worker] c.e.s.SpringbootApplicationTests         : Started SpringbootApplicationTests in 1.769 seconds (process running for 3.439)
]]></system-out>
  <system-err><![CDATA[]]></system-err>
</testsuite>
